<?xml version="1.0" encoding="UTF-8"?>
<!-- Generated by org.testng.reporters.JUnitXMLReporter -->
<testsuite ignored="0" hostname="DESKTOP-11UCV8M" failures="0" tests="16" name="AE Test" time="270.262" errors="0" timestamp="2025-07-05T20:04:40 IST">
  <testcase classname="com.ae.tests.RegisterTest" name="testToRegisterUserWithNewEmail" time="15.508"/>
  <testcase classname="com.ae.tests.RegisterTest" name="testToRegisterUserWithExistingEmail" time="3.626"/>
  <testcase classname="com.ae.tests.LoginTest" name="verifyLoginWithCorrectEmailAndPassword" time="7.974"/>
  <testcase classname="com.ae.tests.LoginTest" name="verifyLoginWithIncorrectEmailAndPassword" time="5.621"/>
  <testcase classname="com.ae.tests.LogoutTest" name="testToLogoutUser" time="7.019"/>
  <testcase classname="com.ae.tests.ProductsPageTest" name="verifyAllProductsAndProductDetailsPage" time="4.916"/>
  <testcase classname="com.ae.tests.SearchTest" name="verifyProductsRelatedToSearchAreVisible" time="5.663"/>
  <testcase classname="com.ae.tests.CartPageTest" name="testToVerifyProductQuantityInCart" time="7.154"/>
  <testcase classname="com.ae.tests.CartPageTest" name="testToRemoveProductsFromCart" time="16.877"/>
  <testcase classname="com.ae.tests.CheckoutTest" name="testToRegisterWhileCheckout" time="28.052"/>
  <testcase classname="com.ae.tests.CheckoutTest" name="testToRegisterBeforeCheckout" time="24.581"/>
  <testcase classname="com.ae.tests.CheckoutTest" name="testToLoginBeforeCheckout" time="38.715"/>
  <testcase classname="com.ae.tests.SubscriptionTest" name="verifySubscriptionInCartPage" time="2.15"/>
  <testcase classname="com.ae.tests.SubscriptionTest" name="verifySubscriptionInHomePage" time="1.175"/>
  <testcase classname="com.ae.tests.TestCasesPageTest" name="testToVerifyTestCasesPage" time="1.648"/>
  <testcase classname="com.ae.tests.ContactUsTest" name="testContactUsForm" time="4.555"/>
</testsuite> <!-- AE Test -->
