<?xml version="1.0" encoding="UTF-8"?>
<!-- Generated by org.testng.reporters.JUnitXMLReporter -->
<testsuite ignored="14" hostname="DESKTOP-11UCV8M" failures="0" tests="2" name="Test" time="22.996" errors="0" timestamp="2025-07-05T11:29:35 IST">
  <testcase classname="com.ae.tests.LoginTest" name="verifyLoginWithCorrectEmailAndPassword" time="6.48"/>
  <testcase classname="com.ae.tests.LoginTest" name="verifyLoginWithIncorrectEmailAndPassword" time="4.527"/>
  <testcase classname="com.ae.tests.ProductsPageTest" name="verifyAllProductsAndProductDetailsPage" time="0.0">
    <ignored/>
  </testcase> <!-- verifyAllProductsAndProductDetailsPage -->
  <testcase classname="com.ae.tests.TestCasesPageTest" name="testToVerifyTestCasesPage" time="0.0">
    <ignored/>
  </testcase> <!-- testToVerifyTestCasesPage -->
  <testcase classname="com.ae.tests.LogoutTest" name="testToLogoutUser" time="0.0">
    <ignored/>
  </testcase> <!-- testToLogoutUser -->
  <testcase classname="com.ae.tests.CartPageTest" name="testToRemoveProductsFromCart" time="0.0">
    <ignored/>
  </testcase> <!-- testToRemoveProductsFromCart -->
  <testcase classname="com.ae.tests.SubscriptionTest" name="verifySubscriptionInHomePage" time="0.0">
    <ignored/>
  </testcase> <!-- verifySubscriptionInHomePage -->
  <testcase classname="com.ae.tests.RegisterTest" name="testToRegisterUserWithExistingEmail" time="0.0">
    <ignored/>
  </testcase> <!-- testToRegisterUserWithExistingEmail -->
  <testcase classname="com.ae.tests.RegisterTest" name="testToRegisterUserWithNewEmail" time="0.0">
    <ignored/>
  </testcase> <!-- testToRegisterUserWithNewEmail -->
  <testcase classname="com.ae.tests.CartPageTest" name="testToVerifyProductQuantityInCart" time="0.0">
    <ignored/>
  </testcase> <!-- testToVerifyProductQuantityInCart -->
  <testcase classname="com.ae.tests.SearchTest" name="verifyProductsRelatedToSearchAreVisible" time="0.0">
    <ignored/>
  </testcase> <!-- verifyProductsRelatedToSearchAreVisible -->
  <testcase classname="com.ae.tests.CheckoutTest" name="testToLoginBeforeCheckout" time="0.0">
    <ignored/>
  </testcase> <!-- testToLoginBeforeCheckout -->
  <testcase classname="com.ae.tests.CheckoutTest" name="testToRegisterWhileCheckout" time="0.0">
    <ignored/>
  </testcase> <!-- testToRegisterWhileCheckout -->
  <testcase classname="com.ae.tests.SubscriptionTest" name="verifySubscriptionInCartPage" time="0.0">
    <ignored/>
  </testcase> <!-- verifySubscriptionInCartPage -->
  <testcase classname="com.ae.tests.ContactUsTest" name="testContactUsForm" time="0.0">
    <ignored/>
  </testcase> <!-- testContactUsForm -->
  <testcase classname="com.ae.tests.CheckoutTest" name="testToRegisterBeforeCheckout" time="0.0">
    <ignored/>
  </testcase> <!-- testToRegisterBeforeCheckout -->
</testsuite> <!-- Test -->
